2002.11.14 02:03 B I:\554\Dega_554\Dega_554\mast\2413tone.h --> chichi.myvnc.com /d:/VC_Project/Dega_554/mast 2413tone.h
2002.11.14 02:03 B I:\554\Dega_554\Dega_554\mast\area.cpp --> chichi.myvnc.com /d:/VC_Project/Dega_554/mast area.cpp
2002.11.14 02:03 B I:\554\Dega_554\Dega_554\mast\area.obj --> chichi.myvnc.com /d:/VC_Project/Dega_554/mast area.obj
2002.11.14 02:03 B I:\554\Dega_554\Dega_554\mast\doze.h --> chichi.myvnc.com /d:/VC_Project/Dega_554/mast doze.h
2002.11.14 02:03 B I:\554\Dega_554\Dega_554\mast\doze.lib --> chichi.myvnc.com /d:/VC_Project/Dega_554/mast doze.lib
2002.11.14 02:03 B I:\554\Dega_554\Dega_554\mast\doze_554.obj --> chichi.myvnc.com /d:/VC_Project/Dega_554/mast doze_554.obj
2002.11.14 02:03 B I:\554\Dega_554\Dega_554\mast\dpsg.cpp --> chichi.myvnc.com /d:/VC_Project/Dega_554/mast dpsg.cpp
2002.11.14 02:03 B I:\554\Dega_554\Dega_554\mast\dpsg.obj --> chichi.myvnc.com /d:/VC_Project/Dega_554/mast dpsg.obj
2002.11.14 02:03 B I:\554\Dega_554\Dega_554\mast\draw.cpp --> chichi.myvnc.com /d:/VC_Project/Dega_554/mast draw.cpp
2002.11.14 02:03 B I:\554\Dega_554\Dega_554\mast\draw.obj --> chichi.myvnc.com /d:/VC_Project/Dega_554/mast draw.obj
2002.11.14 02:03 B I:\554\Dega_554\Dega_554\mast\emu2413.c --> chichi.myvnc.com /d:/VC_Project/Dega_554/mast emu2413.c
2002.11.14 02:03 B I:\554\Dega_554\Dega_554\mast\emu2413.h --> chichi.myvnc.com /d:/VC_Project/Dega_554/mast emu2413.h
2002.11.14 02:03 B I:\554\Dega_554\Dega_554\mast\emu2413.obj --> chichi.myvnc.com /d:/VC_Project/Dega_554/mast emu2413.obj
2002.11.14 02:03 B I:\554\Dega_554\Dega_554\mast\frame.cpp --> chichi.myvnc.com /d:/VC_Project/Dega_554/mast frame.cpp
2002.11.14 02:03 B I:\554\Dega_554\Dega_554\mast\frame.obj --> chichi.myvnc.com /d:/VC_Project/Dega_554/mast frame.obj
2002.11.14 02:03 B I:\554\Dega_554\Dega_554\mast\load.cpp --> chichi.myvnc.com /d:/VC_Project/Dega_554/mast load.cpp
2002.11.14 02:03 B I:\554\Dega_554\Dega_554\mast\load.obj --> chichi.myvnc.com /d:/VC_Project/Dega_554/mast load.obj
2002.11.14 02:03 B I:\554\Dega_554\Dega_554\mast\map.cpp --> chichi.myvnc.com /d:/VC_Project/Dega_554/mast map.cpp
2002.11.14 02:03 B I:\554\Dega_554\Dega_554\mast\map.obj --> chichi.myvnc.com /d:/VC_Project/Dega_554/mast map.obj
2002.11.14 02:03 B I:\554\Dega_554\Dega_554\mast\mast.cpp --> chichi.myvnc.com /d:/VC_Project/Dega_554/mast mast.cpp
2002.11.14 02:03 B I:\554\Dega_554\Dega_554\mast\mast.dsp --> chichi.myvnc.com /d:/VC_Project/Dega_554/mast mast.dsp
2002.11.14 02:03 B I:\554\Dega_554\Dega_554\mast\mast.dsw --> chichi.myvnc.com /d:/VC_Project/Dega_554/mast mast.dsw
2002.11.14 02:03 B I:\554\Dega_554\Dega_554\mast\mast.h --> chichi.myvnc.com /d:/VC_Project/Dega_554/mast mast.h
2002.11.14 02:03 B I:\554\Dega_554\Dega_554\mast\mast.lib --> chichi.myvnc.com /d:/VC_Project/Dega_554/mast mast.lib
2002.11.14 02:03 B I:\554\Dega_554\Dega_554\mast\mast.ncb --> chichi.myvnc.com /d:/VC_Project/Dega_554/mast mast.ncb
2002.11.14 02:03 B I:\554\Dega_554\Dega_554\mast\mast.obj --> chichi.myvnc.com /d:/VC_Project/Dega_554/mast mast.obj
2002.11.14 02:03 B I:\554\Dega_554\Dega_554\mast\mast.opt --> chichi.myvnc.com /d:/VC_Project/Dega_554/mast mast.opt
2002.11.14 02:03 B I:\554\Dega_554\Dega_554\mast\mast.pch --> chichi.myvnc.com /d:/VC_Project/Dega_554/mast mast.pch
2002.11.14 02:03 B I:\554\Dega_554\Dega_554\mast\mastint.h --> chichi.myvnc.com /d:/VC_Project/Dega_554/mast mastint.h
2002.11.14 02:03 B I:\554\Dega_554\Dega_554\mast\mem.cpp --> chichi.myvnc.com /d:/VC_Project/Dega_554/mast mem.cpp
2002.11.14 02:03 B I:\554\Dega_554\Dega_554\mast\mem.obj --> chichi.myvnc.com /d:/VC_Project/Dega_554/mast mem.obj
2002.11.14 02:03 B I:\554\Dega_554\Dega_554\mast\samp.cpp --> chichi.myvnc.com /d:/VC_Project/Dega_554/mast samp.cpp
2002.11.14 02:03 B I:\554\Dega_554\Dega_554\mast\samp.obj --> chichi.myvnc.com /d:/VC_Project/Dega_554/mast samp.obj
2002.11.14 02:03 B I:\554\Dega_554\Dega_554\mast\samples.h --> chichi.myvnc.com /d:/VC_Project/Dega_554/mast samples.h
2002.11.14 02:03 B I:\554\Dega_554\Dega_554\mast\snd.cpp --> chichi.myvnc.com /d:/VC_Project/Dega_554/mast snd.cpp
2002.11.14 02:03 B I:\554\Dega_554\Dega_554\mast\snd.obj --> chichi.myvnc.com /d:/VC_Project/Dega_554/mast snd.obj
2002.11.14 02:03 B I:\554\Dega_554\Dega_554\mast\vc60.idb --> chichi.myvnc.com /d:/VC_Project/Dega_554/mast vc60.idb
2002.11.14 02:03 B I:\554\Dega_554\Dega_554\mast\vc60.pdb --> chichi.myvnc.com /d:/VC_Project/Dega_554/mast vc60.pdb
2002.11.14 02:03 B I:\554\Dega_554\Dega_554\mast\vgm.cpp --> chichi.myvnc.com /d:/VC_Project/Dega_554/mast vgm.cpp
2002.11.14 02:03 B I:\554\Dega_554\Dega_554\mast\vgm.obj --> chichi.myvnc.com /d:/VC_Project/Dega_554/mast vgm.obj
2002.11.14 02:03 B I:\554\Dega_554\Dega_554\mast\vrc7tone.h --> chichi.myvnc.com /d:/VC_Project/Dega_554/mast vrc7tone.h
2002.11.14 02:03 B I:\554\Dega_554\Dega_554\mast\z80_decoder.obj --> chichi.myvnc.com /d:/VC_Project/Dega_554/mast z80_decoder.obj
2002.11.14 02:03 B I:\554\Dega_554\Dega_554\mast\z80_I_run.obj --> chichi.myvnc.com /d:/VC_Project/Dega_554/mast z80_I_run.obj
2002.11.26 14:43 B H:\emulator\Dega_554\Dega_554\mast\WS_FTP.LOG <-- chichi /d:/VC_Project/Dega_554_uOP/Dega_554/mast WS_FTP.LOG
2002.11.26 14:43 B H:\emulator\Dega_554\Dega_554\mast\z80_decoder.obj <-- chichi /d:/VC_Project/Dega_554_uOP/Dega_554/mast z80_decoder.obj
2002.11.26 14:43 B H:\emulator\Dega_554\Dega_554\mast\z80_I_run.obj <-- chichi /d:/VC_Project/Dega_554_uOP/Dega_554/mast z80_I_run.obj
2002.11.26 14:43 B H:\emulator\Dega_554\Dega_554\mast\z80_uOP_run.obj <-- chichi /d:/VC_Project/Dega_554_uOP/Dega_554/mast z80_uOP_run.obj
2002.11.26 22:28 B I:\ece554\dega_554\mast\2413tone.h --> vlsi-earth.ece.wisc.edu /course/ece554/Emulator/dega_554/mast 2413tone.h
2002.11.26 22:28 B I:\ece554\dega_554\mast\area.cpp --> vlsi-earth.ece.wisc.edu /course/ece554/Emulator/dega_554/mast area.cpp
2002.11.26 22:28 B I:\ece554\dega_554\mast\area.obj --> vlsi-earth.ece.wisc.edu /course/ece554/Emulator/dega_554/mast area.obj
2002.11.26 22:28 B I:\ece554\dega_554\mast\doze.h --> vlsi-earth.ece.wisc.edu /course/ece554/Emulator/dega_554/mast doze.h
2002.11.26 22:28 B I:\ece554\dega_554\mast\doze.lib --> vlsi-earth.ece.wisc.edu /course/ece554/Emulator/dega_554/mast doze.lib
2002.11.26 22:28 B I:\ece554\dega_554\mast\doze_554.obj --> vlsi-earth.ece.wisc.edu /course/ece554/Emulator/dega_554/mast doze_554.obj
2002.11.26 22:28 B I:\ece554\dega_554\mast\dpsg.cpp --> vlsi-earth.ece.wisc.edu /course/ece554/Emulator/dega_554/mast dpsg.cpp
2002.11.26 22:28 B I:\ece554\dega_554\mast\dpsg.obj --> vlsi-earth.ece.wisc.edu /course/ece554/Emulator/dega_554/mast dpsg.obj
2002.11.26 22:28 B I:\ece554\dega_554\mast\draw.cpp --> vlsi-earth.ece.wisc.edu /course/ece554/Emulator/dega_554/mast draw.cpp
2002.11.26 22:28 B I:\ece554\dega_554\mast\draw.obj --> vlsi-earth.ece.wisc.edu /course/ece554/Emulator/dega_554/mast draw.obj
2002.11.26 22:28 B I:\ece554\dega_554\mast\emu2413.c --> vlsi-earth.ece.wisc.edu /course/ece554/Emulator/dega_554/mast emu2413.c
2002.11.26 22:28 B I:\ece554\dega_554\mast\emu2413.h --> vlsi-earth.ece.wisc.edu /course/ece554/Emulator/dega_554/mast emu2413.h
2002.11.26 22:28 B I:\ece554\dega_554\mast\emu2413.obj --> vlsi-earth.ece.wisc.edu /course/ece554/Emulator/dega_554/mast emu2413.obj
2002.11.26 22:28 B I:\ece554\dega_554\mast\frame.cpp --> vlsi-earth.ece.wisc.edu /course/ece554/Emulator/dega_554/mast frame.cpp
2002.11.26 22:28 B I:\ece554\dega_554\mast\frame.obj --> vlsi-earth.ece.wisc.edu /course/ece554/Emulator/dega_554/mast frame.obj
2002.11.26 22:28 B I:\ece554\dega_554\mast\load.cpp --> vlsi-earth.ece.wisc.edu /course/ece554/Emulator/dega_554/mast load.cpp
2002.11.26 22:28 B I:\ece554\dega_554\mast\load.obj --> vlsi-earth.ece.wisc.edu /course/ece554/Emulator/dega_554/mast load.obj
2002.11.26 22:28 B I:\ece554\dega_554\mast\map.cpp --> vlsi-earth.ece.wisc.edu /course/ece554/Emulator/dega_554/mast map.cpp
2002.11.26 22:28 B I:\ece554\dega_554\mast\map.obj --> vlsi-earth.ece.wisc.edu /course/ece554/Emulator/dega_554/mast map.obj
2002.11.26 22:28 B I:\ece554\dega_554\mast\mast.cpp --> vlsi-earth.ece.wisc.edu /course/ece554/Emulator/dega_554/mast mast.cpp
2002.11.26 22:28 B I:\ece554\dega_554\mast\mast.dsp --> vlsi-earth.ece.wisc.edu /course/ece554/Emulator/dega_554/mast mast.dsp
2002.11.26 22:28 B I:\ece554\dega_554\mast\mast.dsw --> vlsi-earth.ece.wisc.edu /course/ece554/Emulator/dega_554/mast mast.dsw
2002.11.26 22:28 B I:\ece554\dega_554\mast\mast.h --> vlsi-earth.ece.wisc.edu /course/ece554/Emulator/dega_554/mast mast.h
2002.11.26 22:28 B I:\ece554\dega_554\mast\mast.lib --> vlsi-earth.ece.wisc.edu /course/ece554/Emulator/dega_554/mast mast.lib
2002.11.26 22:28 B I:\ece554\dega_554\mast\mast.ncb --> vlsi-earth.ece.wisc.edu /course/ece554/Emulator/dega_554/mast mast.ncb
2002.11.26 22:28 B I:\ece554\dega_554\mast\mast.obj --> vlsi-earth.ece.wisc.edu /course/ece554/Emulator/dega_554/mast mast.obj
2002.11.26 22:28 B I:\ece554\dega_554\mast\mast.opt --> vlsi-earth.ece.wisc.edu /course/ece554/Emulator/dega_554/mast mast.opt
2002.11.26 22:28 B I:\ece554\dega_554\mast\mast.pch --> vlsi-earth.ece.wisc.edu /course/ece554/Emulator/dega_554/mast mast.pch
2002.11.26 22:28 B I:\ece554\dega_554\mast\mastint.h --> vlsi-earth.ece.wisc.edu /course/ece554/Emulator/dega_554/mast mastint.h
2002.11.26 22:28 B I:\ece554\dega_554\mast\mem.cpp --> vlsi-earth.ece.wisc.edu /course/ece554/Emulator/dega_554/mast mem.cpp
2002.11.26 22:28 B I:\ece554\dega_554\mast\mem.obj --> vlsi-earth.ece.wisc.edu /course/ece554/Emulator/dega_554/mast mem.obj
2002.11.26 22:28 B I:\ece554\dega_554\mast\micro_inst.obj --> vlsi-earth.ece.wisc.edu /course/ece554/Emulator/dega_554/mast micro_inst.obj
2002.11.26 22:28 B I:\ece554\dega_554\mast\samp.cpp --> vlsi-earth.ece.wisc.edu /course/ece554/Emulator/dega_554/mast samp.cpp
2002.11.26 22:28 B I:\ece554\dega_554\mast\samp.obj --> vlsi-earth.ece.wisc.edu /course/ece554/Emulator/dega_554/mast samp.obj
2002.11.26 22:28 B I:\ece554\dega_554\mast\samples.h --> vlsi-earth.ece.wisc.edu /course/ece554/Emulator/dega_554/mast samples.h
2002.11.26 22:28 B I:\ece554\dega_554\mast\snd.cpp --> vlsi-earth.ece.wisc.edu /course/ece554/Emulator/dega_554/mast snd.cpp
2002.11.26 22:28 B I:\ece554\dega_554\mast\snd.obj --> vlsi-earth.ece.wisc.edu /course/ece554/Emulator/dega_554/mast snd.obj
2002.11.26 22:28 B I:\ece554\dega_554\mast\vc60.idb --> vlsi-earth.ece.wisc.edu /course/ece554/Emulator/dega_554/mast vc60.idb
2002.11.26 22:28 B I:\ece554\dega_554\mast\vc60.pdb --> vlsi-earth.ece.wisc.edu /course/ece554/Emulator/dega_554/mast vc60.pdb
2002.11.26 22:28 B I:\ece554\dega_554\mast\vgm.cpp --> vlsi-earth.ece.wisc.edu /course/ece554/Emulator/dega_554/mast vgm.cpp
2002.11.26 22:28 B I:\ece554\dega_554\mast\vgm.obj --> vlsi-earth.ece.wisc.edu /course/ece554/Emulator/dega_554/mast vgm.obj
2002.11.26 22:28 B I:\ece554\dega_554\mast\vrc7tone.h --> vlsi-earth.ece.wisc.edu /course/ece554/Emulator/dega_554/mast vrc7tone.h
2002.11.26 22:28 B I:\ece554\dega_554\mast\WS_FTP.LOG --> vlsi-earth.ece.wisc.edu /course/ece554/Emulator/dega_554/mast WS_FTP.LOG
2002.11.26 22:28 B I:\ece554\dega_554\mast\z80_decoder.obj --> vlsi-earth.ece.wisc.edu /course/ece554/Emulator/dega_554/mast z80_decoder.obj
2002.11.26 22:28 B I:\ece554\dega_554\mast\z80_I_run.obj --> vlsi-earth.ece.wisc.edu /course/ece554/Emulator/dega_554/mast z80_I_run.obj
2002.11.26 22:28 B I:\ece554\dega_554\mast\z80_uOP_run.obj --> vlsi-earth.ece.wisc.edu /course/ece554/Emulator/dega_554/mast z80_uOP_run.obj
2002.12.15 16:26 B H:\emulator\VDP_\mast\2413tone.h --> vlsi-earth.ece.wisc.edu /course/ece554/Hdrive/emulator/VDP_/mast 2413tone.h
2002.12.15 16:26 B H:\emulator\VDP_\mast\area.cpp --> vlsi-earth.ece.wisc.edu /course/ece554/Hdrive/emulator/VDP_/mast area.cpp
2002.12.15 16:26 B H:\emulator\VDP_\mast\area.obj --> vlsi-earth.ece.wisc.edu /course/ece554/Hdrive/emulator/VDP_/mast area.obj
2002.12.15 16:26 B H:\emulator\VDP_\mast\CommThread.cpp --> vlsi-earth.ece.wisc.edu /course/ece554/Hdrive/emulator/VDP_/mast CommThread.cpp
2002.12.15 16:26 B H:\emulator\VDP_\mast\CommThread.h --> vlsi-earth.ece.wisc.edu /course/ece554/Hdrive/emulator/VDP_/mast CommThread.h
2002.12.15 16:26 B H:\emulator\VDP_\mast\CommThread.obj --> vlsi-earth.ece.wisc.edu /course/ece554/Hdrive/emulator/VDP_/mast CommThread.obj
2002.12.15 16:26 B H:\emulator\VDP_\mast\doze.h --> vlsi-earth.ece.wisc.edu /course/ece554/Hdrive/emulator/VDP_/mast doze.h
2002.12.15 16:26 B H:\emulator\VDP_\mast\doze.lib --> vlsi-earth.ece.wisc.edu /course/ece554/Hdrive/emulator/VDP_/mast doze.lib
2002.12.15 16:26 B H:\emulator\VDP_\mast\doze_554.obj --> vlsi-earth.ece.wisc.edu /course/ece554/Hdrive/emulator/VDP_/mast doze_554.obj
2002.12.15 16:26 B H:\emulator\VDP_\mast\dpsg.cpp --> vlsi-earth.ece.wisc.edu /course/ece554/Hdrive/emulator/VDP_/mast dpsg.cpp
2002.12.15 16:26 B H:\emulator\VDP_\mast\dpsg.obj --> vlsi-earth.ece.wisc.edu /course/ece554/Hdrive/emulator/VDP_/mast dpsg.obj
2002.12.15 16:26 B H:\emulator\VDP_\mast\draw.cpp --> vlsi-earth.ece.wisc.edu /course/ece554/Hdrive/emulator/VDP_/mast draw.cpp
2002.12.15 16:26 B H:\emulator\VDP_\mast\draw.obj --> vlsi-earth.ece.wisc.edu /course/ece554/Hdrive/emulator/VDP_/mast draw.obj
2002.12.15 16:26 B H:\emulator\VDP_\mast\emu2413.c --> vlsi-earth.ece.wisc.edu /course/ece554/Hdrive/emulator/VDP_/mast emu2413.c
2002.12.15 16:26 B H:\emulator\VDP_\mast\emu2413.h --> vlsi-earth.ece.wisc.edu /course/ece554/Hdrive/emulator/VDP_/mast emu2413.h
2002.12.15 16:26 B H:\emulator\VDP_\mast\emu2413.obj --> vlsi-earth.ece.wisc.edu /course/ece554/Hdrive/emulator/VDP_/mast emu2413.obj
2002.12.15 16:26 B H:\emulator\VDP_\mast\frame.cpp --> vlsi-earth.ece.wisc.edu /course/ece554/Hdrive/emulator/VDP_/mast frame.cpp
2002.12.15 16:26 B H:\emulator\VDP_\mast\frame.obj --> vlsi-earth.ece.wisc.edu /course/ece554/Hdrive/emulator/VDP_/mast frame.obj
2002.12.15 16:26 B H:\emulator\VDP_\mast\HW_CPU.lib --> vlsi-earth.ece.wisc.edu /course/ece554/Hdrive/emulator/VDP_/mast HW_CPU.lib
2002.12.15 16:26 B H:\emulator\VDP_\mast\load.cpp --> vlsi-earth.ece.wisc.edu /course/ece554/Hdrive/emulator/VDP_/mast load.cpp
2002.12.15 16:26 B H:\emulator\VDP_\mast\load.obj --> vlsi-earth.ece.wisc.edu /course/ece554/Hdrive/emulator/VDP_/mast load.obj
2002.12.15 16:26 B H:\emulator\VDP_\mast\map.cpp --> vlsi-earth.ece.wisc.edu /course/ece554/Hdrive/emulator/VDP_/mast map.cpp
2002.12.15 16:26 B H:\emulator\VDP_\mast\map.obj --> vlsi-earth.ece.wisc.edu /course/ece554/Hdrive/emulator/VDP_/mast map.obj
2002.12.15 16:26 B H:\emulator\VDP_\mast\mast.cpp --> vlsi-earth.ece.wisc.edu /course/ece554/Hdrive/emulator/VDP_/mast mast.cpp
2002.12.15 16:26 B H:\emulator\VDP_\mast\mast.dsp --> vlsi-earth.ece.wisc.edu /course/ece554/Hdrive/emulator/VDP_/mast mast.dsp
2002.12.15 16:26 B H:\emulator\VDP_\mast\mast.dsw --> vlsi-earth.ece.wisc.edu /course/ece554/Hdrive/emulator/VDP_/mast mast.dsw
2002.12.15 16:26 B H:\emulator\VDP_\mast\mast.h --> vlsi-earth.ece.wisc.edu /course/ece554/Hdrive/emulator/VDP_/mast mast.h
2002.12.15 16:26 B H:\emulator\VDP_\mast\mast.lib --> vlsi-earth.ece.wisc.edu /course/ece554/Hdrive/emulator/VDP_/mast mast.lib
2002.12.15 16:26 B H:\emulator\VDP_\mast\mast.ncb --> vlsi-earth.ece.wisc.edu /course/ece554/Hdrive/emulator/VDP_/mast mast.ncb
2002.12.15 16:26 B H:\emulator\VDP_\mast\mast.obj --> vlsi-earth.ece.wisc.edu /course/ece554/Hdrive/emulator/VDP_/mast mast.obj
2002.12.15 16:26 B H:\emulator\VDP_\mast\mast.opt --> vlsi-earth.ece.wisc.edu /course/ece554/Hdrive/emulator/VDP_/mast mast.opt
2002.12.15 16:26 B H:\emulator\VDP_\mast\mast.pch --> vlsi-earth.ece.wisc.edu /course/ece554/Hdrive/emulator/VDP_/mast mast.pch
2002.12.15 16:26 B H:\emulator\VDP_\mast\mastint.h --> vlsi-earth.ece.wisc.edu /course/ece554/Hdrive/emulator/VDP_/mast mastint.h
2002.12.15 16:26 B H:\emulator\VDP_\mast\mem.cpp --> vlsi-earth.ece.wisc.edu /course/ece554/Hdrive/emulator/VDP_/mast mem.cpp
2002.12.15 16:26 B H:\emulator\VDP_\mast\mem.obj --> vlsi-earth.ece.wisc.edu /course/ece554/Hdrive/emulator/VDP_/mast mem.obj
2002.12.15 16:26 B H:\emulator\VDP_\mast\micro_inst.obj --> vlsi-earth.ece.wisc.edu /course/ece554/Hdrive/emulator/VDP_/mast micro_inst.obj
2002.12.15 16:26 B H:\emulator\VDP_\mast\samp.cpp --> vlsi-earth.ece.wisc.edu /course/ece554/Hdrive/emulator/VDP_/mast samp.cpp
2002.12.15 16:26 B H:\emulator\VDP_\mast\samp.obj --> vlsi-earth.ece.wisc.edu /course/ece554/Hdrive/emulator/VDP_/mast samp.obj
2002.12.15 16:26 B H:\emulator\VDP_\mast\samples.h --> vlsi-earth.ece.wisc.edu /course/ece554/Hdrive/emulator/VDP_/mast samples.h
2002.12.15 16:26 B H:\emulator\VDP_\mast\snd.cpp --> vlsi-earth.ece.wisc.edu /course/ece554/Hdrive/emulator/VDP_/mast snd.cpp
2002.12.15 16:26 B H:\emulator\VDP_\mast\snd.obj --> vlsi-earth.ece.wisc.edu /course/ece554/Hdrive/emulator/VDP_/mast snd.obj
2002.12.15 16:26 B H:\emulator\VDP_\mast\StdAfx.cpp --> vlsi-earth.ece.wisc.edu /course/ece554/Hdrive/emulator/VDP_/mast StdAfx.cpp
2002.12.15 16:26 B H:\emulator\VDP_\mast\StdAfx.h --> vlsi-earth.ece.wisc.edu /course/ece554/Hdrive/emulator/VDP_/mast StdAfx.h
2002.12.15 16:26 B H:\emulator\VDP_\mast\vc60.idb --> vlsi-earth.ece.wisc.edu /course/ece554/Hdrive/emulator/VDP_/mast vc60.idb
2002.12.15 16:26 B H:\emulator\VDP_\mast\vc60.pdb --> vlsi-earth.ece.wisc.edu /course/ece554/Hdrive/emulator/VDP_/mast vc60.pdb
2002.12.15 16:26 B H:\emulator\VDP_\mast\VDP_RUN.lib --> vlsi-earth.ece.wisc.edu /course/ece554/Hdrive/emulator/VDP_/mast VDP_RUN.lib
2002.12.15 16:26 B H:\emulator\VDP_\mast\VDPRUN.CPP --> vlsi-earth.ece.wisc.edu /course/ece554/Hdrive/emulator/VDP_/mast VDPRUN.CPP
2002.12.15 16:26 B H:\emulator\VDP_\mast\VDPRUN.obj --> vlsi-earth.ece.wisc.edu /course/ece554/Hdrive/emulator/VDP_/mast VDPRUN.obj
2002.12.15 16:26 B H:\emulator\VDP_\mast\vgm.cpp --> vlsi-earth.ece.wisc.edu /course/ece554/Hdrive/emulator/VDP_/mast vgm.cpp
2002.12.15 16:26 B H:\emulator\VDP_\mast\vgm.obj --> vlsi-earth.ece.wisc.edu /course/ece554/Hdrive/emulator/VDP_/mast vgm.obj
2002.12.15 16:26 B H:\emulator\VDP_\mast\vrc7tone.h --> vlsi-earth.ece.wisc.edu /course/ece554/Hdrive/emulator/VDP_/mast vrc7tone.h
2002.12.15 16:26 B H:\emulator\VDP_\mast\WS_FTP.LOG --> vlsi-earth.ece.wisc.edu /course/ece554/Hdrive/emulator/VDP_/mast WS_FTP.LOG
2002.12.15 16:26 B H:\emulator\VDP_\mast\z80_decoder.obj --> vlsi-earth.ece.wisc.edu /course/ece554/Hdrive/emulator/VDP_/mast z80_decoder.obj
2002.12.15 16:26 B H:\emulator\VDP_\mast\z80_I_run.obj --> vlsi-earth.ece.wisc.edu /course/ece554/Hdrive/emulator/VDP_/mast z80_I_run.obj
2002.12.15 16:26 B H:\emulator\VDP_\mast\z80_uOP_run.obj --> vlsi-earth.ece.wisc.edu /course/ece554/Hdrive/emulator/VDP_/mast z80_uOP_run.obj
