2002.12.15 16:26 B H:\emulator\VDP_\master\app.aps --> vlsi-earth.ece.wisc.edu /course/ece554/Hdrive/emulator/VDP_/master app.aps
2002.12.15 16:26 B H:\emulator\VDP_\master\app.h --> vlsi-earth.ece.wisc.edu /course/ece554/Hdrive/emulator/VDP_/master app.h
2002.12.15 16:26 B H:\emulator\VDP_\master\app.rc --> vlsi-earth.ece.wisc.edu /course/ece554/Hdrive/emulator/VDP_/master app.rc
2002.12.15 16:26 B H:\emulator\VDP_\master\app.res --> vlsi-earth.ece.wisc.edu /course/ece554/Hdrive/emulator/VDP_/master app.res
2002.12.15 16:26 B H:\emulator\VDP_\master\app_IO_trace.txt --> vlsi-earth.ece.wisc.edu /course/ece554/Hdrive/emulator/VDP_/master app_IO_trace.txt
2002.12.15 16:26 B H:\emulator\VDP_\master\app_MEM_trace.txt --> vlsi-earth.ece.wisc.edu /course/ece554/Hdrive/emulator/VDP_/master app_MEM_trace.txt
2002.12.15 16:26 B H:\emulator\VDP_\master\app_trace.txt --> vlsi-earth.ece.wisc.edu /course/ece554/Hdrive/emulator/VDP_/master app_trace.txt
2002.12.15 16:26 B H:\emulator\VDP_\master\app_trace_V31_ACK.txt --> vlsi-earth.ece.wisc.edu /course/ece554/Hdrive/emulator/VDP_/master app_trace_V31_ACK.txt
2002.12.15 16:26 B H:\emulator\VDP_\master\conf.cpp --> vlsi-earth.ece.wisc.edu /course/ece554/Hdrive/emulator/VDP_/master conf.cpp
2002.12.15 16:26 B H:\emulator\VDP_\master\conf.obj --> vlsi-earth.ece.wisc.edu /course/ece554/Hdrive/emulator/VDP_/master conf.obj
2002.12.15 16:26 B H:\emulator\VDP_\master\conf.sbr --> vlsi-earth.ece.wisc.edu /course/ece554/Hdrive/emulator/VDP_/master conf.sbr
2002.12.15 16:26 B H:\emulator\VDP_\master\Dega.exe --> vlsi-earth.ece.wisc.edu /course/ece554/Hdrive/emulator/VDP_/master Dega.exe
2002.12.15 16:26 B H:\emulator\VDP_\master\Dega.ilk --> vlsi-earth.ece.wisc.edu /course/ece554/Hdrive/emulator/VDP_/master Dega.ilk
2002.12.15 16:26 B H:\emulator\VDP_\master\dega.ini --> vlsi-earth.ece.wisc.edu /course/ece554/Hdrive/emulator/VDP_/master dega.ini
2002.12.15 16:26 B H:\emulator\VDP_\master\Dega.pdb --> vlsi-earth.ece.wisc.edu /course/ece554/Hdrive/emulator/VDP_/master Dega.pdb
2002.12.15 16:26 B H:\emulator\VDP_\master\dega.txt --> vlsi-earth.ece.wisc.edu /course/ece554/Hdrive/emulator/VDP_/master dega.txt
2002.12.15 16:26 B H:\emulator\VDP_\master\dinp.cpp --> vlsi-earth.ece.wisc.edu /course/ece554/Hdrive/emulator/VDP_/master dinp.cpp
2002.12.15 16:26 B H:\emulator\VDP_\master\dinp.obj --> vlsi-earth.ece.wisc.edu /course/ece554/Hdrive/emulator/VDP_/master dinp.obj
2002.12.15 16:26 B H:\emulator\VDP_\master\dinp.sbr --> vlsi-earth.ece.wisc.edu /course/ece554/Hdrive/emulator/VDP_/master dinp.sbr
2002.12.15 16:26 B H:\emulator\VDP_\master\disp.cpp --> vlsi-earth.ece.wisc.edu /course/ece554/Hdrive/emulator/VDP_/master disp.cpp
2002.12.15 16:26 B H:\emulator\VDP_\master\disp.obj --> vlsi-earth.ece.wisc.edu /course/ece554/Hdrive/emulator/VDP_/master disp.obj
2002.12.15 16:26 B H:\emulator\VDP_\master\disp.sbr --> vlsi-earth.ece.wisc.edu /course/ece554/Hdrive/emulator/VDP_/master disp.sbr
2002.12.15 16:26 B H:\emulator\VDP_\master\DOUBLEDR.SMS --> vlsi-earth.ece.wisc.edu /course/ece554/Hdrive/emulator/VDP_/master DOUBLEDR.SMS
2002.12.15 16:26 B H:\emulator\VDP_\master\doubledragon.txt --> vlsi-earth.ece.wisc.edu /course/ece554/Hdrive/emulator/VDP_/master doubledragon.txt
2002.12.15 16:26 B H:\emulator\VDP_\master\doze_554.obj --> vlsi-earth.ece.wisc.edu /course/ece554/Hdrive/emulator/VDP_/master doze_554.obj
2002.12.15 16:26 B H:\emulator\VDP_\master\doze_554.sbr --> vlsi-earth.ece.wisc.edu /course/ece554/Hdrive/emulator/VDP_/master doze_554.sbr
2002.12.15 16:26 B H:\emulator\VDP_\master\dsound.cpp --> vlsi-earth.ece.wisc.edu /course/ece554/Hdrive/emulator/VDP_/master dsound.cpp
2002.12.15 16:26 B H:\emulator\VDP_\master\dsound.obj --> vlsi-earth.ece.wisc.edu /course/ece554/Hdrive/emulator/VDP_/master dsound.obj
2002.12.15 16:26 B H:\emulator\VDP_\master\dsound.sbr --> vlsi-earth.ece.wisc.edu /course/ece554/Hdrive/emulator/VDP_/master dsound.sbr
2002.12.15 16:26 B H:\emulator\VDP_\master\emu.cpp --> vlsi-earth.ece.wisc.edu /course/ece554/Hdrive/emulator/VDP_/master emu.cpp
2002.12.15 16:26 B H:\emulator\VDP_\master\emu.obj --> vlsi-earth.ece.wisc.edu /course/ece554/Hdrive/emulator/VDP_/master emu.obj
2002.12.15 16:26 B H:\emulator\VDP_\master\emu.sbr --> vlsi-earth.ece.wisc.edu /course/ece554/Hdrive/emulator/VDP_/master emu.sbr
2002.12.15 16:26 B H:\emulator\VDP_\master\file_stream.txt --> vlsi-earth.ece.wisc.edu /course/ece554/Hdrive/emulator/VDP_/master file_stream.txt
2002.12.15 16:26 B H:\emulator\VDP_\master\frame.cpp --> vlsi-earth.ece.wisc.edu /course/ece554/Hdrive/emulator/VDP_/master frame.cpp
2002.12.15 16:26 B H:\emulator\VDP_\master\frame.obj --> vlsi-earth.ece.wisc.edu /course/ece554/Hdrive/emulator/VDP_/master frame.obj
2002.12.15 16:26 B H:\emulator\VDP_\master\frame.sbr --> vlsi-earth.ece.wisc.edu /course/ece554/Hdrive/emulator/VDP_/master frame.sbr
2002.12.15 16:26 B H:\emulator\VDP_\master\game_uI_rom.txt --> vlsi-earth.ece.wisc.edu /course/ece554/Hdrive/emulator/VDP_/master game_uI_rom.txt
2002.12.15 16:26 B H:\emulator\VDP_\master\HW_CPU.lib --> vlsi-earth.ece.wisc.edu /course/ece554/Hdrive/emulator/VDP_/master HW_CPU.lib
2002.12.15 16:26 B H:\emulator\VDP_\master\icon1.ico --> vlsi-earth.ece.wisc.edu /course/ece554/Hdrive/emulator/VDP_/master icon1.ico
2002.12.15 16:26 B H:\emulator\VDP_\master\input.cpp --> vlsi-earth.ece.wisc.edu /course/ece554/Hdrive/emulator/VDP_/master input.cpp
2002.12.15 16:26 B H:\emulator\VDP_\master\input.obj --> vlsi-earth.ece.wisc.edu /course/ece554/Hdrive/emulator/VDP_/master input.obj
2002.12.15 16:26 B H:\emulator\VDP_\master\input.sbr --> vlsi-earth.ece.wisc.edu /course/ece554/Hdrive/emulator/VDP_/master input.sbr
2002.12.15 16:26 B H:\emulator\VDP_\master\load.cpp --> vlsi-earth.ece.wisc.edu /course/ece554/Hdrive/emulator/VDP_/master load.cpp
2002.12.15 16:26 B H:\emulator\VDP_\master\load.obj --> vlsi-earth.ece.wisc.edu /course/ece554/Hdrive/emulator/VDP_/master load.obj
2002.12.15 16:26 B H:\emulator\VDP_\master\load.sbr --> vlsi-earth.ece.wisc.edu /course/ece554/Hdrive/emulator/VDP_/master load.sbr
2002.12.15 16:26 B H:\emulator\VDP_\master\loop.cpp --> vlsi-earth.ece.wisc.edu /course/ece554/Hdrive/emulator/VDP_/master loop.cpp
2002.12.15 16:26 B H:\emulator\VDP_\master\loop.obj --> vlsi-earth.ece.wisc.edu /course/ece554/Hdrive/emulator/VDP_/master loop.obj
2002.12.15 16:26 B H:\emulator\VDP_\master\loop.sbr --> vlsi-earth.ece.wisc.edu /course/ece554/Hdrive/emulator/VDP_/master loop.sbr
2002.12.15 16:26 B H:\emulator\VDP_\master\main.cpp --> vlsi-earth.ece.wisc.edu /course/ece554/Hdrive/emulator/VDP_/master main.cpp
2002.12.15 16:26 B H:\emulator\VDP_\master\main.obj --> vlsi-earth.ece.wisc.edu /course/ece554/Hdrive/emulator/VDP_/master main.obj
2002.12.15 16:26 B H:\emulator\VDP_\master\main.sbr --> vlsi-earth.ece.wisc.edu /course/ece554/Hdrive/emulator/VDP_/master main.sbr
2002.12.15 16:26 B H:\emulator\VDP_\master\master.bsc --> vlsi-earth.ece.wisc.edu /course/ece554/Hdrive/emulator/VDP_/master master.bsc
2002.12.15 16:26 B H:\emulator\VDP_\master\master.dsp --> vlsi-earth.ece.wisc.edu /course/ece554/Hdrive/emulator/VDP_/master master.dsp
2002.12.15 16:26 B H:\emulator\VDP_\master\master.dsw --> vlsi-earth.ece.wisc.edu /course/ece554/Hdrive/emulator/VDP_/master master.dsw
2002.12.15 16:26 B H:\emulator\VDP_\master\master.ncb --> vlsi-earth.ece.wisc.edu /course/ece554/Hdrive/emulator/VDP_/master master.ncb
2002.12.15 16:26 B H:\emulator\VDP_\master\master.opt --> vlsi-earth.ece.wisc.edu /course/ece554/Hdrive/emulator/VDP_/master master.opt
2002.12.15 16:26 B H:\emulator\VDP_\master\master.pch --> vlsi-earth.ece.wisc.edu /course/ece554/Hdrive/emulator/VDP_/master master.pch
2002.12.15 16:26 B H:\emulator\VDP_\master\master.plg --> vlsi-earth.ece.wisc.edu /course/ece554/Hdrive/emulator/VDP_/master master.plg
2002.12.15 16:26 B H:\emulator\VDP_\master\micro_inst.obj --> vlsi-earth.ece.wisc.edu /course/ece554/Hdrive/emulator/VDP_/master micro_inst.obj
2002.12.15 16:26 B H:\emulator\VDP_\master\micro_inst.sbr --> vlsi-earth.ece.wisc.edu /course/ece554/Hdrive/emulator/VDP_/master micro_inst.sbr
2002.12.15 16:26 B H:\emulator\VDP_\master\misc.cpp --> vlsi-earth.ece.wisc.edu /course/ece554/Hdrive/emulator/VDP_/master misc.cpp
2002.12.15 16:26 B H:\emulator\VDP_\master\misc.obj --> vlsi-earth.ece.wisc.edu /course/ece554/Hdrive/emulator/VDP_/master misc.obj
2002.12.15 16:26 B H:\emulator\VDP_\master\misc.sbr --> vlsi-earth.ece.wisc.edu /course/ece554/Hdrive/emulator/VDP_/master misc.sbr
2002.12.15 16:26 B H:\emulator\VDP_\master\pc_IO_trace.txt --> vlsi-earth.ece.wisc.edu /course/ece554/Hdrive/emulator/VDP_/master pc_IO_trace.txt
2002.12.15 16:26 B H:\emulator\VDP_\master\pc_MEM_trace.txt --> vlsi-earth.ece.wisc.edu /course/ece554/Hdrive/emulator/VDP_/master pc_MEM_trace.txt
2002.12.15 16:26 B H:\emulator\VDP_\master\render.cpp --> vlsi-earth.ece.wisc.edu /course/ece554/Hdrive/emulator/VDP_/master render.cpp
2002.12.15 16:26 B H:\emulator\VDP_\master\render.obj --> vlsi-earth.ece.wisc.edu /course/ece554/Hdrive/emulator/VDP_/master render.obj
2002.12.15 16:26 B H:\emulator\VDP_\master\render.sbr --> vlsi-earth.ece.wisc.edu /course/ece554/Hdrive/emulator/VDP_/master render.sbr
2002.12.15 16:26 B H:\emulator\VDP_\master\resource.h --> vlsi-earth.ece.wisc.edu /course/ece554/Hdrive/emulator/VDP_/master resource.h
2002.12.15 16:26 B H:\emulator\VDP_\master\run.cpp --> vlsi-earth.ece.wisc.edu /course/ece554/Hdrive/emulator/VDP_/master run.cpp
2002.12.15 16:26 B H:\emulator\VDP_\master\run.obj --> vlsi-earth.ece.wisc.edu /course/ece554/Hdrive/emulator/VDP_/master run.obj
2002.12.15 16:26 B H:\emulator\VDP_\master\run.sbr --> vlsi-earth.ece.wisc.edu /course/ece554/Hdrive/emulator/VDP_/master run.sbr
2002.12.15 16:26 B H:\emulator\VDP_\master\shot.cpp --> vlsi-earth.ece.wisc.edu /course/ece554/Hdrive/emulator/VDP_/master shot.cpp
2002.12.15 16:26 B H:\emulator\VDP_\master\shot.obj --> vlsi-earth.ece.wisc.edu /course/ece554/Hdrive/emulator/VDP_/master shot.obj
2002.12.15 16:26 B H:\emulator\VDP_\master\shot.sbr --> vlsi-earth.ece.wisc.edu /course/ece554/Hdrive/emulator/VDP_/master shot.sbr
2002.12.15 16:26 B H:\emulator\VDP_\master\SONIC1.SMS --> vlsi-earth.ece.wisc.edu /course/ece554/Hdrive/emulator/VDP_/master SONIC1.SMS
2002.12.15 16:26 B H:\emulator\VDP_\master\state.cpp --> vlsi-earth.ece.wisc.edu /course/ece554/Hdrive/emulator/VDP_/master state.cpp
2002.12.15 16:26 B H:\emulator\VDP_\master\state.obj --> vlsi-earth.ece.wisc.edu /course/ece554/Hdrive/emulator/VDP_/master state.obj
2002.12.15 16:26 B H:\emulator\VDP_\master\state.sbr --> vlsi-earth.ece.wisc.edu /course/ece554/Hdrive/emulator/VDP_/master state.sbr
2002.12.15 16:26 B H:\emulator\VDP_\master\TEST.SMS --> vlsi-earth.ece.wisc.edu /course/ece554/Hdrive/emulator/VDP_/master TEST.SMS
2002.12.15 16:26 B H:\emulator\VDP_\master\test1.txt --> vlsi-earth.ece.wisc.edu /course/ece554/Hdrive/emulator/VDP_/master test1.txt
2002.12.15 16:26 B H:\emulator\VDP_\master\vc60.idb --> vlsi-earth.ece.wisc.edu /course/ece554/Hdrive/emulator/VDP_/master vc60.idb
2002.12.15 16:26 B H:\emulator\VDP_\master\vc60.pdb --> vlsi-earth.ece.wisc.edu /course/ece554/Hdrive/emulator/VDP_/master vc60.pdb
2002.12.15 16:26 B H:\emulator\VDP_\master\z80_decoder.obj --> vlsi-earth.ece.wisc.edu /course/ece554/Hdrive/emulator/VDP_/master z80_decoder.obj
2002.12.15 16:26 B H:\emulator\VDP_\master\z80_decoder.sbr --> vlsi-earth.ece.wisc.edu /course/ece554/Hdrive/emulator/VDP_/master z80_decoder.sbr
2002.12.15 16:26 B H:\emulator\VDP_\master\z80_I_run.obj --> vlsi-earth.ece.wisc.edu /course/ece554/Hdrive/emulator/VDP_/master z80_I_run.obj
2002.12.15 16:26 B H:\emulator\VDP_\master\z80_I_run.sbr --> vlsi-earth.ece.wisc.edu /course/ece554/Hdrive/emulator/VDP_/master z80_I_run.sbr
2002.12.15 16:26 B H:\emulator\VDP_\master\z80_uOP_run.obj --> vlsi-earth.ece.wisc.edu /course/ece554/Hdrive/emulator/VDP_/master z80_uOP_run.obj
2002.12.15 16:26 B H:\emulator\VDP_\master\z80_uOP_run.sbr --> vlsi-earth.ece.wisc.edu /course/ece554/Hdrive/emulator/VDP_/master z80_uOP_run.sbr
2002.12.15 16:26 B H:\emulator\VDP_\master\zconf.h --> vlsi-earth.ece.wisc.edu /course/ece554/Hdrive/emulator/VDP_/master zconf.h
2002.12.15 16:26 B H:\emulator\VDP_\master\zlib.h --> vlsi-earth.ece.wisc.edu /course/ece554/Hdrive/emulator/VDP_/master zlib.h
2002.12.15 16:26 B H:\emulator\VDP_\master\zlib.lib --> vlsi-earth.ece.wisc.edu /course/ece554/Hdrive/emulator/VDP_/master zlib.lib
