2002.11.26 22:28 B I:\ece554\dega_554\ece554\DataValue.h --> vlsi-earth.ece.wisc.edu /course/ece554/Emulator/dega_554/ece554 DataValue.h
2002.11.26 22:28 B I:\ece554\dega_554\ece554\debug_tracer.h --> vlsi-earth.ece.wisc.edu /course/ece554/Emulator/dega_554/ece554 debug_tracer.h
2002.11.26 22:28 B I:\ece554\dega_554\ece554\doze_554.cpp --> vlsi-earth.ece.wisc.edu /course/ece554/Emulator/dega_554/ece554 doze_554.cpp
2002.11.26 22:28 B I:\ece554\dega_554\ece554\doze_554.h --> vlsi-earth.ece.wisc.edu /course/ece554/Emulator/dega_554/ece554 doze_554.h
2002.11.26 22:28 B I:\ece554\dega_554\ece554\dozeint_554.h --> vlsi-earth.ece.wisc.edu /course/ece554/Emulator/dega_554/ece554 dozeint_554.h
2002.11.26 22:28 B I:\ece554\dega_554\ece554\micro_inst.cpp --> vlsi-earth.ece.wisc.edu /course/ece554/Emulator/dega_554/ece554 micro_inst.cpp
2002.11.26 22:28 B I:\ece554\dega_554\ece554\micro_inst.h --> vlsi-earth.ece.wisc.edu /course/ece554/Emulator/dega_554/ece554 micro_inst.h
2002.11.26 22:28 B I:\ece554\dega_554\ece554\micro_ISA_ID.h --> vlsi-earth.ece.wisc.edu /course/ece554/Emulator/dega_554/ece554 micro_ISA_ID.h
2002.11.26 22:28 B I:\ece554\dega_554\ece554\RISC_Z80_1byte_inst.h --> vlsi-earth.ece.wisc.edu /course/ece554/Emulator/dega_554/ece554 RISC_Z80_1byte_inst.h
2002.11.26 22:28 B I:\ece554\dega_554\ece554\RISC_Z80_2byte_inst.h --> vlsi-earth.ece.wisc.edu /course/ece554/Emulator/dega_554/ece554 RISC_Z80_2byte_inst.h
2002.11.26 22:28 B I:\ece554\dega_554\ece554\RISC_Z80_3byte_inst.h --> vlsi-earth.ece.wisc.edu /course/ece554/Emulator/dega_554/ece554 RISC_Z80_3byte_inst.h
2002.11.26 22:28 B I:\ece554\dega_554\ece554\RISC_Z80_4byte_inst.h --> vlsi-earth.ece.wisc.edu /course/ece554/Emulator/dega_554/ece554 RISC_Z80_4byte_inst.h
2002.11.26 22:28 B I:\ece554\dega_554\ece554\Z80_1byte_inst.h --> vlsi-earth.ece.wisc.edu /course/ece554/Emulator/dega_554/ece554 Z80_1byte_inst.h
2002.11.26 22:28 B I:\ece554\dega_554\ece554\Z80_2byte_inst.h --> vlsi-earth.ece.wisc.edu /course/ece554/Emulator/dega_554/ece554 Z80_2byte_inst.h
2002.11.26 22:28 B I:\ece554\dega_554\ece554\Z80_3byte_inst.h --> vlsi-earth.ece.wisc.edu /course/ece554/Emulator/dega_554/ece554 Z80_3byte_inst.h
2002.11.26 22:28 B I:\ece554\dega_554\ece554\Z80_4byte_inst.h --> vlsi-earth.ece.wisc.edu /course/ece554/Emulator/dega_554/ece554 Z80_4byte_inst.h
2002.11.26 22:28 B I:\ece554\dega_554\ece554\z80_decoder.cpp --> vlsi-earth.ece.wisc.edu /course/ece554/Emulator/dega_554/ece554 z80_decoder.cpp
2002.11.26 22:28 B I:\ece554\dega_554\ece554\z80_decoder.h --> vlsi-earth.ece.wisc.edu /course/ece554/Emulator/dega_554/ece554 z80_decoder.h
2002.11.26 22:28 B I:\ece554\dega_554\ece554\z80_I_ID.h --> vlsi-earth.ece.wisc.edu /course/ece554/Emulator/dega_554/ece554 z80_I_ID.h
2002.11.26 22:28 B I:\ece554\dega_554\ece554\z80_I_run.cpp --> vlsi-earth.ece.wisc.edu /course/ece554/Emulator/dega_554/ece554 z80_I_run.cpp
2002.11.26 22:28 B I:\ece554\dega_554\ece554\z80_I_run.h --> vlsi-earth.ece.wisc.edu /course/ece554/Emulator/dega_554/ece554 z80_I_run.h
2002.11.26 22:28 B I:\ece554\dega_554\ece554\z80_uOP_run.cpp --> vlsi-earth.ece.wisc.edu /course/ece554/Emulator/dega_554/ece554 z80_uOP_run.cpp
2002.11.26 22:28 B I:\ece554\dega_554\ece554\z80_uOP_run.h --> vlsi-earth.ece.wisc.edu /course/ece554/Emulator/dega_554/ece554 z80_uOP_run.h
2002.12.15 16:25 B H:\emulator\dega_554\ece554\DataValue.h --> vlsi-earth.ece.wisc.edu /course/ece554/Hdrive/emulator/dega_554/ece554 DataValue.h
2002.12.15 16:25 B H:\emulator\dega_554\ece554\debug_tracer.h --> vlsi-earth.ece.wisc.edu /course/ece554/Hdrive/emulator/dega_554/ece554 debug_tracer.h
2002.12.15 16:25 B H:\emulator\dega_554\ece554\doze_554.cpp --> vlsi-earth.ece.wisc.edu /course/ece554/Hdrive/emulator/dega_554/ece554 doze_554.cpp
2002.12.15 16:25 B H:\emulator\dega_554\ece554\doze_554.h --> vlsi-earth.ece.wisc.edu /course/ece554/Hdrive/emulator/dega_554/ece554 doze_554.h
2002.12.15 16:25 B H:\emulator\dega_554\ece554\dozeint_554.h --> vlsi-earth.ece.wisc.edu /course/ece554/Hdrive/emulator/dega_554/ece554 dozeint_554.h
2002.12.15 16:25 B H:\emulator\dega_554\ece554\micro_inst.cpp --> vlsi-earth.ece.wisc.edu /course/ece554/Hdrive/emulator/dega_554/ece554 micro_inst.cpp
2002.12.15 16:25 B H:\emulator\dega_554\ece554\micro_inst.h --> vlsi-earth.ece.wisc.edu /course/ece554/Hdrive/emulator/dega_554/ece554 micro_inst.h
2002.12.15 16:25 B H:\emulator\dega_554\ece554\micro_ISA_ID.h --> vlsi-earth.ece.wisc.edu /course/ece554/Hdrive/emulator/dega_554/ece554 micro_ISA_ID.h
2002.12.15 16:25 B H:\emulator\dega_554\ece554\RISC_Z80_1byte_inst.h --> vlsi-earth.ece.wisc.edu /course/ece554/Hdrive/emulator/dega_554/ece554 RISC_Z80_1byte_inst.h
2002.12.15 16:25 B H:\emulator\dega_554\ece554\RISC_Z80_2byte_inst.h --> vlsi-earth.ece.wisc.edu /course/ece554/Hdrive/emulator/dega_554/ece554 RISC_Z80_2byte_inst.h
2002.12.15 16:25 B H:\emulator\dega_554\ece554\RISC_Z80_3byte_inst.h --> vlsi-earth.ece.wisc.edu /course/ece554/Hdrive/emulator/dega_554/ece554 RISC_Z80_3byte_inst.h
2002.12.15 16:25 B H:\emulator\dega_554\ece554\RISC_Z80_4byte_inst.h --> vlsi-earth.ece.wisc.edu /course/ece554/Hdrive/emulator/dega_554/ece554 RISC_Z80_4byte_inst.h
2002.12.15 16:25 B H:\emulator\dega_554\ece554\WS_FTP.LOG --> vlsi-earth.ece.wisc.edu /course/ece554/Hdrive/emulator/dega_554/ece554 WS_FTP.LOG
2002.12.15 16:25 B H:\emulator\dega_554\ece554\Z80_1byte_inst.h --> vlsi-earth.ece.wisc.edu /course/ece554/Hdrive/emulator/dega_554/ece554 Z80_1byte_inst.h
2002.12.15 16:25 B H:\emulator\dega_554\ece554\Z80_2byte_inst.h --> vlsi-earth.ece.wisc.edu /course/ece554/Hdrive/emulator/dega_554/ece554 Z80_2byte_inst.h
2002.12.15 16:25 B H:\emulator\dega_554\ece554\Z80_3byte_inst.h --> vlsi-earth.ece.wisc.edu /course/ece554/Hdrive/emulator/dega_554/ece554 Z80_3byte_inst.h
2002.12.15 16:25 B H:\emulator\dega_554\ece554\Z80_4byte_inst.h --> vlsi-earth.ece.wisc.edu /course/ece554/Hdrive/emulator/dega_554/ece554 Z80_4byte_inst.h
2002.12.15 16:25 B H:\emulator\dega_554\ece554\z80_decoder.cpp --> vlsi-earth.ece.wisc.edu /course/ece554/Hdrive/emulator/dega_554/ece554 z80_decoder.cpp
2002.12.15 16:25 B H:\emulator\dega_554\ece554\z80_decoder.h --> vlsi-earth.ece.wisc.edu /course/ece554/Hdrive/emulator/dega_554/ece554 z80_decoder.h
2002.12.15 16:25 B H:\emulator\dega_554\ece554\z80_I_ID.h --> vlsi-earth.ece.wisc.edu /course/ece554/Hdrive/emulator/dega_554/ece554 z80_I_ID.h
2002.12.15 16:25 B H:\emulator\dega_554\ece554\z80_I_run.cpp --> vlsi-earth.ece.wisc.edu /course/ece554/Hdrive/emulator/dega_554/ece554 z80_I_run.cpp
2002.12.15 16:25 B H:\emulator\dega_554\ece554\z80_I_run.h --> vlsi-earth.ece.wisc.edu /course/ece554/Hdrive/emulator/dega_554/ece554 z80_I_run.h
2002.12.15 16:25 B H:\emulator\dega_554\ece554\z80_uOP_run.cpp --> vlsi-earth.ece.wisc.edu /course/ece554/Hdrive/emulator/dega_554/ece554 z80_uOP_run.cpp
2002.12.15 16:25 B H:\emulator\dega_554\ece554\z80_uOP_run.h --> vlsi-earth.ece.wisc.edu /course/ece554/Hdrive/emulator/dega_554/ece554 z80_uOP_run.h
