
Inferred memory devices in process 
	in routine Joypad_controller line 47 in
         file 'H:/SMS_top_design/JPC/Joypad_controller.v'.
===============================================================================
|    Register Name    |   Type    | Width | Bus | MB | AR | AS | SR | SS | ST |
===============================================================================
|     data_in_reg     | Flip-flop |   8   |  Y  | N  | N  | N  | N  | N  | N  |
|   nation_bit_reg    | Flip-flop |   2   |  N  | N  | ?  | ?  | ?  | ?  | ?  |
===============================================================================

Inferred THREE-STATE control devices in process 
	in routine Joypad_controller
         line 47 in file 'H:/SMS_top_design/JPC/Joypad_controller.v'.
============================================================================
|     Three-state Device Name      |               Type               | MB |
============================================================================
|          data_in_tri<2>          |        Three-state Buffer        | N  |
|          data_in_tri<6>          |        Three-state Buffer        | N  |
|          data_in_tri<4>          |        Three-state Buffer        | N  |
|          data_in_tri<0>          |        Three-state Buffer        | N  |
|          data_in_tri<1>          |        Three-state Buffer        | N  |
|          data_in_tri<5>          |        Three-state Buffer        | N  |
|          data_in_tri<7>          |        Three-state Buffer        | N  |
|          data_in_tri<3>          |        Three-state Buffer        | N  |
|      data_in_tri_enable_reg      |       Flip-flop (width 8)        | N  |
============================================================================

data_in_reg (width 8)
---------------------
    set/reset/toggle: none


nation_bit_reg<1>
-----------------
    set/reset/toggle: none


nation_bit_reg<0>
-----------------
    set/reset/toggle: none


Writing to hnl file 'H:\FINAL_PROCESSOR\SYNTHESIS/PLAN_C/workdirs/WORK/Joypad_controller.hnl'
