2002.12.15 16:27 B H:\final presentation\final presentation stuff\021008_sysio.ppt --> vlsi-earth.ece.wisc.edu /course/ece554/Hdrive/final presentation/final presentation stuff 021008_sysio.ppt
2002.12.15 16:27 B H:\final presentation\final presentation stuff\architectural review.ppt --> vlsi-earth.ece.wisc.edu /course/ece554/Hdrive/final presentation/final presentation stuff architectural review.ppt
2002.12.15 16:27 B H:\final presentation\final presentation stuff\detail_graphic.ppt --> vlsi-earth.ece.wisc.edu /course/ece554/Hdrive/final presentation/final presentation stuff detail_graphic.ppt
2002.12.15 16:27 B H:\final presentation\final presentation stuff\Emulator.ppt --> vlsi-earth.ece.wisc.edu /course/ece554/Hdrive/final presentation/final presentation stuff Emulator.ppt
2002.12.15 16:27 B H:\final presentation\final presentation stuff\micro ISA.doc --> vlsi-earth.ece.wisc.edu /course/ece554/Hdrive/final presentation/final presentation stuff micro ISA.doc
2002.12.15 16:27 B H:\final presentation\final presentation stuff\micro ISA.fm --> vlsi-earth.ece.wisc.edu /course/ece554/Hdrive/final presentation/final presentation stuff micro ISA.fm
2002.12.15 16:27 B H:\final presentation\final presentation stuff\micro ISA.pdf --> vlsi-earth.ece.wisc.edu /course/ece554/Hdrive/final presentation/final presentation stuff micro ISA.pdf
2002.12.15 16:27 B H:\final presentation\final presentation stuff\micro_review_systemIO.ppt --> vlsi-earth.ece.wisc.edu /course/ece554/Hdrive/final presentation/final presentation stuff micro_review_systemIO.ppt
2002.12.15 16:27 B H:\final presentation\final presentation stuff\Module definitions.doc --> vlsi-earth.ece.wisc.edu /course/ece554/Hdrive/final presentation/final presentation stuff Module definitions.doc
2002.12.15 16:27 B H:\final presentation\final presentation stuff\Module definitions.fm --> vlsi-earth.ece.wisc.edu /course/ece554/Hdrive/final presentation/final presentation stuff Module definitions.fm
2002.12.15 16:27 B H:\final presentation\final presentation stuff\Module definitions.pdf --> vlsi-earth.ece.wisc.edu /course/ece554/Hdrive/final presentation/final presentation stuff Module definitions.pdf
2002.12.15 16:27 B H:\final presentation\final presentation stuff\RISCcore_f_to_f_bypass.ppt --> vlsi-earth.ece.wisc.edu /course/ece554/Hdrive/final presentation/final presentation stuff RISCcore_f_to_f_bypass.ppt
2002.12.15 16:27 B H:\final presentation\final presentation stuff\sample.ppt --> vlsi-earth.ece.wisc.edu /course/ece554/Hdrive/final presentation/final presentation stuff sample.ppt
2002.12.15 16:27 B H:\final presentation\final presentation stuff\slides.txt --> vlsi-earth.ece.wisc.edu /course/ece554/Hdrive/final presentation/final presentation stuff slides.txt
2002.12.15 16:27 B H:\final presentation\final presentation stuff\sms.ppt --> vlsi-earth.ece.wisc.edu /course/ece554/Hdrive/final presentation/final presentation stuff sms.ppt
2002.12.15 16:27 B H:\final presentation\final presentation stuff\system_final.ppt --> vlsi-earth.ece.wisc.edu /course/ece554/Hdrive/final presentation/final presentation stuff system_final.ppt
2002.12.15 16:27 B H:\final presentation\final presentation stuff\systemIO.pdf --> vlsi-earth.ece.wisc.edu /course/ece554/Hdrive/final presentation/final presentation stuff systemIO.pdf
2002.12.15 16:27 B H:\final presentation\final presentation stuff\systemIOnew.pdf --> vlsi-earth.ece.wisc.edu /course/ece554/Hdrive/final presentation/final presentation stuff systemIOnew.pdf
2002.12.15 16:27 B H:\final presentation\final presentation stuff\VDP.vsd --> vlsi-earth.ece.wisc.edu /course/ece554/Hdrive/final presentation/final presentation stuff VDP.vsd
2002.12.15 16:27 B H:\final presentation\final presentation stuff\VDP_top_level_updated.jpg --> vlsi-earth.ece.wisc.edu /course/ece554/Hdrive/final presentation/final presentation stuff VDP_top_level_updated.jpg
2002.12.15 16:27 B H:\final presentation\final presentation stuff\VDP_top_level_updated.vsd --> vlsi-earth.ece.wisc.edu /course/ece554/Hdrive/final presentation/final presentation stuff VDP_top_level_updated.vsd
2002.12.15 16:27 B H:\final presentation\final presentation stuff\~$dule definitions.doc --> vlsi-earth.ece.wisc.edu /course/ece554/Hdrive/final presentation/final presentation stuff ~$dule definitions.doc
