2002.12.08 20:25 B H:\COMM\Comu\ComCfg.cpp --> chichi.myvnc.com /d:/VC_Project/COMM/Comu ComCfg.cpp
2002.12.08 20:25 B H:\COMM\Comu\ComCfg.h --> chichi.myvnc.com /d:/VC_Project/COMM/Comu ComCfg.h
2002.12.08 20:25 B H:\COMM\Comu\CommThread.cpp --> chichi.myvnc.com /d:/VC_Project/COMM/Comu CommThread.cpp
2002.12.08 20:25 B H:\COMM\Comu\CommThread.h --> chichi.myvnc.com /d:/VC_Project/COMM/Comu CommThread.h
2002.12.08 20:25 B H:\COMM\Comu\Comu.aps --> chichi.myvnc.com /d:/VC_Project/COMM/Comu Comu.aps
2002.12.08 20:25 B H:\COMM\Comu\Comu.clw --> chichi.myvnc.com /d:/VC_Project/COMM/Comu Comu.clw
2002.12.08 20:25 B H:\COMM\Comu\Comu.cpp --> chichi.myvnc.com /d:/VC_Project/COMM/Comu Comu.cpp
2002.12.08 20:25 B H:\COMM\Comu\Comu.dsp --> chichi.myvnc.com /d:/VC_Project/COMM/Comu Comu.dsp
2002.12.08 20:25 B H:\COMM\Comu\Comu.dsw --> chichi.myvnc.com /d:/VC_Project/COMM/Comu Comu.dsw
2002.12.08 20:25 B H:\COMM\Comu\Comu.h --> chichi.myvnc.com /d:/VC_Project/COMM/Comu Comu.h
2002.12.08 20:25 B H:\COMM\Comu\Comu.ncb --> chichi.myvnc.com /d:/VC_Project/COMM/Comu Comu.ncb
2002.12.08 20:25 B H:\COMM\Comu\Comu.opt --> chichi.myvnc.com /d:/VC_Project/COMM/Comu Comu.opt
2002.12.08 20:25 B H:\COMM\Comu\Comu.plg --> chichi.myvnc.com /d:/VC_Project/COMM/Comu Comu.plg
2002.12.08 20:25 B H:\COMM\Comu\Comu.rc --> chichi.myvnc.com /d:/VC_Project/COMM/Comu Comu.rc
2002.12.08 20:25 B H:\COMM\Comu\ComuDoc.cpp --> chichi.myvnc.com /d:/VC_Project/COMM/Comu ComuDoc.cpp
2002.12.08 20:25 B H:\COMM\Comu\ComuDoc.h --> chichi.myvnc.com /d:/VC_Project/COMM/Comu ComuDoc.h
2002.12.08 20:25 B H:\COMM\Comu\ComuView.cpp --> chichi.myvnc.com /d:/VC_Project/COMM/Comu ComuView.cpp
2002.12.08 20:25 B H:\COMM\Comu\ComuView.h --> chichi.myvnc.com /d:/VC_Project/COMM/Comu ComuView.h
2002.12.08 20:26 B H:\COMM\Comu\GetNum.cpp --> chichi.myvnc.com /d:/VC_Project/COMM/Comu GetNum.cpp
2002.12.08 20:26 B H:\COMM\Comu\GetNum.h --> chichi.myvnc.com /d:/VC_Project/COMM/Comu GetNum.h
2002.12.08 20:26 B H:\COMM\Comu\MainFrm.cpp --> chichi.myvnc.com /d:/VC_Project/COMM/Comu MainFrm.cpp
2002.12.08 20:26 B H:\COMM\Comu\MainFrm.h --> chichi.myvnc.com /d:/VC_Project/COMM/Comu MainFrm.h
2002.12.08 20:26 B H:\COMM\Comu\resource.h --> chichi.myvnc.com /d:/VC_Project/COMM/Comu resource.h
2002.12.08 20:26 B H:\COMM\Comu\StdAfx.cpp --> chichi.myvnc.com /d:/VC_Project/COMM/Comu StdAfx.cpp
2002.12.08 20:26 B H:\COMM\Comu\StdAfx.h --> chichi.myvnc.com /d:/VC_Project/COMM/Comu StdAfx.h
2002.12.08 20:26 B H:\COMM\Comu\test.dat --> chichi.myvnc.com /d:/VC_Project/COMM/Comu test.dat
2002.12.15 16:24 B H:\COMM\Comu\ComCfg.cpp --> vlsi-earth.ece.wisc.edu /course/ece554/Hdrive/COMM/Comu ComCfg.cpp
2002.12.15 16:24 B H:\COMM\Comu\ComCfg.h --> vlsi-earth.ece.wisc.edu /course/ece554/Hdrive/COMM/Comu ComCfg.h
2002.12.15 16:24 B H:\COMM\Comu\CommThread.cpp --> vlsi-earth.ece.wisc.edu /course/ece554/Hdrive/COMM/Comu CommThread.cpp
2002.12.15 16:24 B H:\COMM\Comu\CommThread.h --> vlsi-earth.ece.wisc.edu /course/ece554/Hdrive/COMM/Comu CommThread.h
2002.12.15 16:24 B H:\COMM\Comu\Comu.aps --> vlsi-earth.ece.wisc.edu /course/ece554/Hdrive/COMM/Comu Comu.aps
2002.12.15 16:24 B H:\COMM\Comu\Comu.clw --> vlsi-earth.ece.wisc.edu /course/ece554/Hdrive/COMM/Comu Comu.clw
2002.12.15 16:24 B H:\COMM\Comu\Comu.cpp --> vlsi-earth.ece.wisc.edu /course/ece554/Hdrive/COMM/Comu Comu.cpp
2002.12.15 16:24 B H:\COMM\Comu\Comu.dsp --> vlsi-earth.ece.wisc.edu /course/ece554/Hdrive/COMM/Comu Comu.dsp
2002.12.15 16:24 B H:\COMM\Comu\Comu.dsw --> vlsi-earth.ece.wisc.edu /course/ece554/Hdrive/COMM/Comu Comu.dsw
2002.12.15 16:24 B H:\COMM\Comu\Comu.h --> vlsi-earth.ece.wisc.edu /course/ece554/Hdrive/COMM/Comu Comu.h
2002.12.15 16:24 B H:\COMM\Comu\Comu.ncb --> vlsi-earth.ece.wisc.edu /course/ece554/Hdrive/COMM/Comu Comu.ncb
2002.12.15 16:24 B H:\COMM\Comu\Comu.opt --> vlsi-earth.ece.wisc.edu /course/ece554/Hdrive/COMM/Comu Comu.opt
2002.12.15 16:24 B H:\COMM\Comu\Comu.plg --> vlsi-earth.ece.wisc.edu /course/ece554/Hdrive/COMM/Comu Comu.plg
2002.12.15 16:24 B H:\COMM\Comu\Comu.rc --> vlsi-earth.ece.wisc.edu /course/ece554/Hdrive/COMM/Comu Comu.rc
2002.12.15 16:24 B H:\COMM\Comu\ComuDoc.cpp --> vlsi-earth.ece.wisc.edu /course/ece554/Hdrive/COMM/Comu ComuDoc.cpp
2002.12.15 16:24 B H:\COMM\Comu\ComuDoc.h --> vlsi-earth.ece.wisc.edu /course/ece554/Hdrive/COMM/Comu ComuDoc.h
2002.12.15 16:24 B H:\COMM\Comu\ComuView.cpp --> vlsi-earth.ece.wisc.edu /course/ece554/Hdrive/COMM/Comu ComuView.cpp
2002.12.15 16:24 B H:\COMM\Comu\ComuView.h --> vlsi-earth.ece.wisc.edu /course/ece554/Hdrive/COMM/Comu ComuView.h
2002.12.15 16:24 B H:\COMM\Comu\GetNum.cpp --> vlsi-earth.ece.wisc.edu /course/ece554/Hdrive/COMM/Comu GetNum.cpp
2002.12.15 16:24 B H:\COMM\Comu\GetNum.h --> vlsi-earth.ece.wisc.edu /course/ece554/Hdrive/COMM/Comu GetNum.h
2002.12.15 16:24 B H:\COMM\Comu\MainFrm.cpp --> vlsi-earth.ece.wisc.edu /course/ece554/Hdrive/COMM/Comu MainFrm.cpp
2002.12.15 16:24 B H:\COMM\Comu\MainFrm.h --> vlsi-earth.ece.wisc.edu /course/ece554/Hdrive/COMM/Comu MainFrm.h
2002.12.15 16:24 B H:\COMM\Comu\resource.h --> vlsi-earth.ece.wisc.edu /course/ece554/Hdrive/COMM/Comu resource.h
2002.12.15 16:24 B H:\COMM\Comu\StdAfx.cpp --> vlsi-earth.ece.wisc.edu /course/ece554/Hdrive/COMM/Comu StdAfx.cpp
2002.12.15 16:24 B H:\COMM\Comu\StdAfx.h --> vlsi-earth.ece.wisc.edu /course/ece554/Hdrive/COMM/Comu StdAfx.h
2002.12.15 16:24 B H:\COMM\Comu\test.dat --> vlsi-earth.ece.wisc.edu /course/ece554/Hdrive/COMM/Comu test.dat
2002.12.15 16:24 B H:\COMM\Comu\WS_FTP.LOG --> vlsi-earth.ece.wisc.edu /course/ece554/Hdrive/COMM/Comu WS_FTP.LOG
